<?xml version="1.0" encoding="UTF-8"?>
<beans xmlns="http://www.springframework.org/schema/beans"
	xmlns:xsi="http://www.w3.org/2001/XMLSchema-instance" xmlns:cloud="http://schema.cloudfoundry.org/spring"
	xmlns:mongo="http://www.springframework.org/schema/data/mongo"
	xsi:schemaLocation="http://www.springframework.org/schema/data/mongo http://www.springframework.org/schema/data/mongo/spring-mongo-1.0.xsd
		http://schema.cloudfoundry.org/spring http://schema.cloudfoundry.org/spring/cloudfoundry-spring-0.8.xsd
		http://www.springframework.org/schema/beans http://www.springframework.org/schema/beans/spring-beans-3.1.xsd">

	<bean id="mappingConverter"
		class="org.springframework.data.mongodb.core.convert.MappingMongoConverter">
		<constructor-arg ref="mongoDbFactory" />
		<constructor-arg ref="mappingContext" />
		<property name="customConversions" ref="conversions" />
	</bean>

	<bean id="mappingContext"
		class="org.springframework.data.mongodb.core.mapping.MongoMappingContext">
		<property name="simpleTypeHolder">
			<bean factory-bean="conversions" factory-method="getSimpleTypeHolder" />
		</property>
	</bean>

	<bean id="conversions"
		class="org.springframework.data.mongodb.core.convert.CustomConversions">
		<constructor-arg>
			<list>
				<bean class="org.springframework.data.demo.TestReadConverter" />
				<bean class="org.springframework.data.demo.TestWriteConverter" />
			</list>
		</constructor-arg>
	</bean>

	<bean id="mongoTemplate" class="org.springframework.data.mongodb.core.MongoTemplate">
		<constructor-arg name="mongoDbFactory" ref="mongoDbFactory" />
	    <constructor-arg name="mongoConverter" ref="mappingConverter"/>
	</bean>

	<mongo:repositories base-package="org.springframework.data.demo.repository" />

	<mongo:db-factory host="localhost" port="27017"
		dbname="db" />

</beans>
